c:\users\yincheng01\documents\visual studio 2013\projects\拷贝构造\拷贝构造\debug\vc120.pdb
c:\users\yincheng01\documents\visual studio 2013\projects\拷贝构造\拷贝构造\debug\vc120.idb
c:\users\yincheng01\documents\visual studio 2013\projects\拷贝构造\拷贝构造\debug\拷贝构造.obj
c:\users\yincheng01\documents\visual studio 2013\projects\拷贝构造\debug\拷贝构造.pdb
c:\users\yincheng01\documents\visual studio 2013\projects\拷贝构造\拷贝构造\debug\拷贝构造.tlog\cl.command.1.tlog
c:\users\yincheng01\documents\visual studio 2013\projects\拷贝构造\拷贝构造\debug\拷贝构造.tlog\cl.read.1.tlog
c:\users\yincheng01\documents\visual studio 2013\projects\拷贝构造\拷贝构造\debug\拷贝构造.tlog\cl.write.1.tlog
c:\users\yincheng01\documents\visual studio 2013\projects\拷贝构造\拷贝构造\debug\拷贝构造.tlog\link-cvtres.read.1.tlog
c:\users\yincheng01\documents\visual studio 2013\projects\拷贝构造\拷贝构造\debug\拷贝构造.tlog\link-cvtres.write.1.tlog
c:\users\yincheng01\documents\visual studio 2013\projects\拷贝构造\拷贝构造\debug\拷贝构造.tlog\link-rc.read.1.tlog
c:\users\yincheng01\documents\visual studio 2013\projects\拷贝构造\拷贝构造\debug\拷贝构造.tlog\link-rc.write.1.tlog
c:\users\yincheng01\documents\visual studio 2013\projects\拷贝构造\拷贝构造\debug\拷贝构造.tlog\link.2008-cvtres.read.1.tlog
c:\users\yincheng01\documents\visual studio 2013\projects\拷贝构造\拷贝构造\debug\拷贝构造.tlog\link.2008-cvtres.write.1.tlog
c:\users\yincheng01\documents\visual studio 2013\projects\拷贝构造\拷贝构造\debug\拷贝构造.tlog\link.2008-rc.read.1.tlog
c:\users\yincheng01\documents\visual studio 2013\projects\拷贝构造\拷贝构造\debug\拷贝构造.tlog\link.2008-rc.write.1.tlog
c:\users\yincheng01\documents\visual studio 2013\projects\拷贝构造\拷贝构造\debug\拷贝构造.tlog\link.2008.read.1.tlog
c:\users\yincheng01\documents\visual studio 2013\projects\拷贝构造\拷贝构造\debug\拷贝构造.tlog\link.2008.write.1.tlog
c:\users\yincheng01\documents\visual studio 2013\projects\拷贝构造\拷贝构造\debug\拷贝构造.tlog\link.command.1.tlog
c:\users\yincheng01\documents\visual studio 2013\projects\拷贝构造\拷贝构造\debug\拷贝构造.tlog\link.read.1.tlog
c:\users\yincheng01\documents\visual studio 2013\projects\拷贝构造\拷贝构造\debug\拷贝构造.tlog\link.write.1.tlog
